0 silly input []
1 silly flags { _: [ 'bootstrap' ],
1 silly flags   'reject-cycles': false,
1 silly flags   rejectCycles: false,
1 silly flags   _onRejected: [Function: _onRejected],
1 silly flags   args: [] }
2 verbose rootPath /Users/ahmadawais/Documents/Web/Sandbox/lerna-tutorial
3 info version 2.7.0
4 silly existsSync /Users/ahmadawais/Documents/Web/Sandbox/lerna-tutorial/VERSION
5 silly initialize attempt
6 silly npmConfig { registry: undefined,
6 silly npmConfig   npmClient: undefined,
6 silly npmConfig   npmClientArgs: undefined,
6 silly npmConfig   mutex: undefined }
7 silly initialize success
8 silly execute attempt
9 info Bootstrapping 3 packages
10 info lifecycle preinstall
11 silly runScript preinstall aa-alpha
12 silly aa-alpha
13 silly runScript preinstall aa-beta
14 silly aa-beta
15 silly runScript preinstall aa-usage
16 silly aa-usage
17 silly hasDependencyInstalled aa-usage aa-alpha
18 silly dependencyIsSatisfied [ 'aa-alpha',
18 silly dependencyIsSatisfied   '^0.0.1',
18 silly dependencyIsSatisfied   '/Users/ahmadawais/Documents/Web/Sandbox/lerna-tutorial/packages/aa-usage/node_modules' ]
19 verbose dependencyIsSatisfied aa-alpha false
20 silly hasDependencyInstalled aa-usage aa-beta
21 silly dependencyIsSatisfied [ 'aa-beta',
21 silly dependencyIsSatisfied   '^0.0.1',
21 silly dependencyIsSatisfied   '/Users/ahmadawais/Documents/Web/Sandbox/lerna-tutorial/packages/aa-usage/node_modules' ]
22 verbose dependencyIsSatisfied aa-beta false
23 silly root dependencies []
24 silly leaf dependencies {
24 silly leaf dependencies   "aa-usage": [
24 silly leaf dependencies     {
24 silly leaf dependencies       "dependency": "aa-alpha@^0.0.1",
24 silly leaf dependencies       "isSatisfied": false
24 silly leaf dependencies     },
24 silly leaf dependencies     {
24 silly leaf dependencies       "dependency": "aa-beta@^0.0.1",
24 silly leaf dependencies       "isSatisfied": false
24 silly leaf dependencies     }
24 silly leaf dependencies   ]
24 silly leaf dependencies }
25 info Installing external dependencies
26 verbose actions 1 actions, concurrency 4
27 silly installInDir aa-usage [ 'aa-alpha@^0.0.1', 'aa-beta@^0.0.1' ]
28 silly installInDir backup /Users/ahmadawais/Documents/Web/Sandbox/lerna-tutorial/packages/aa-usage/package.json
29 silly rename [ '/Users/ahmadawais/Documents/Web/Sandbox/lerna-tutorial/packages/aa-usage/package.json',
29 silly rename   '/Users/ahmadawais/Documents/Web/Sandbox/lerna-tutorial/packages/aa-usage/package.json.lerna_backup' ]
30 silly installInDir writing tempJson { dependencies: { 'aa-alpha': '^0.0.1', 'aa-beta': '^0.0.1' } }
31 silly getExecOpts { cwd: '/Users/ahmadawais/Documents/Web/Sandbox/lerna-tutorial/packages/aa-usage' }
32 silly installInDir [ 'npm', [ 'install' ] ]
33 silly installInDir cleanup /Users/ahmadawais/Documents/Web/Sandbox/lerna-tutorial/packages/aa-usage/package.json
34 silly renameSync [ '/Users/ahmadawais/Documents/Web/Sandbox/lerna-tutorial/packages/aa-usage/package.json.lerna_backup',
34 silly renameSync   '/Users/ahmadawais/Documents/Web/Sandbox/lerna-tutorial/packages/aa-usage/package.json' ]
35 verbose installed leaf aa-usage
36 error execute callback with error
37 error Error: Command failed: npm install
37 error npm ERR! code ETARGET
37 error npm ERR! notarget No matching version found for aa-alpha@^0.0.1
37 error npm ERR! notarget In most cases you or one of your dependencies are requesting
37 error npm ERR! notarget a package version that doesn't exist.
37 error
37 error npm ERR! A complete log of this run can be found in:
37 error npm ERR!     /Users/ahmadawais/.npm/_logs/2018-01-13T07_46_46_775Z-debug.log
37 error
37 error     at Promise.all.then.arr (/Users/ahmadawais/.nvm/versions/node/v9.1.0/lib/node_modules/lerna/node_modules/execa/index.js:236:11)
37 error     at <anonymous>
